<?xml version="1.0" encoding="UTF-8"?>
<!-- Generated by org.testng.reporters.JUnitReportReporter -->
<testsuite hostname="Valentinos-Mac-mini.local" failures="0" tests="1" name="tests.web.landingTests.RpoTest" time="3.266" errors="0" timestamp="2023-02-23T14:44:26 CST" skipped="0">
  <testcase classname="tests.web.landingTests.RpoTest" name="RpoTest" time="3.266"/>
  <system-out/>
</testsuite> <!-- tests.web.landingTests.RpoTest -->
