<?xml version="1.0" encoding="UTF-8"?>
<!-- Generated by org.testng.reporters.JUnitReportReporter -->
<testsuite hostname="Valentinos-Mac-mini.local" failures="0" tests="1" name="tests.web.loginTests.LoginTest" time="1.078" errors="0" timestamp="2023-02-23T14:44:26 CST" skipped="0">
  <testcase classname="tests.web.loginTests.LoginTest" name="LoginMethods" time="1.078"/>
  <system-out/>
</testsuite> <!-- tests.web.loginTests.LoginTest -->
